[INFO 2020-09-05 15:22:47]初始化配置文件, path=C:\python38\GYS_API_TEST\Conf\config.ini
[INFO 2020-09-05 15:22:47]解析yaml, Path:C:\python38\GYS_API_TEST/Params/Param/admin.yaml
[INFO 2020-09-05 15:22:59]邮件发送成功
[INFO 2020-09-05 15:29:52]解析yaml, Path:C:\python38\GYS_API_TEST/Params/Param/admin.yaml
[INFO 2020-09-05 15:36:06]解析yaml, Path:C:\python38\GYS_API_TEST/Params/Param/admin.yaml
[INFO 2020-09-05 15:46:59]解析yaml, Path:C:\python38\GYS_API_TEST/Params/Param/admin.yaml
[INFO 2020-09-05 15:47:15]解析yaml, Path:C:\python38\GYS_API_TEST/Params/Param/admin.yaml
[INFO 2020-09-05 15:47:34]解析yaml, Path:C:\python38\GYS_API_TEST/Params/Param/admin.yaml
[INFO 2020-09-05 15:52:34]解析yaml, Path:C:\python38\GYS_API_TEST/Params/Param/admin.yaml
[INFO 2020-09-05 15:53:01]解析yaml, Path:C:\python38\GYS_API_TEST/Params/Param/admin.yaml
[INFO 2020-09-05 15:54:21]解析yaml, Path:C:\python38\GYS_API_TEST/Params/Param/admin.yaml
[INFO 2020-09-05 15:55:29]解析yaml, Path:C:\python38\GYS_API_TEST/Params/Param/admin.yaml
[INFO 2020-09-05 15:56:50]解析yaml, Path:C:\python38\GYS_API_TEST/Params/Param/admin.yaml
[INFO 2020-09-05 15:58:08]解析yaml, Path:C:\python38\GYS_API_TEST/Params/Param/admin.yaml
[INFO 2020-09-05 15:58:27]解析yaml, Path:C:\python38\GYS_API_TEST/Params/Param/admin.yaml
[INFO 2020-09-05 15:58:58]解析yaml, Path:C:\python38\GYS_API_TEST/Params/Param/admin.yaml
[INFO 2020-09-05 15:59:13]解析yaml, Path:C:\python38\GYS_API_TEST/Params/Param/admin.yaml
[INFO 2020-09-05 15:59:36]解析yaml, Path:C:\python38\GYS_API_TEST/Params/Param/admin.yaml
[INFO 2020-09-05 16:00:21]初始化配置文件, path=C:\python38\GYS_API_TEST\Conf\config.ini
[INFO 2020-09-05 16:00:21]解析yaml, Path:C:\python38\GYS_API_TEST/Params/Param/admin.yaml
[INFO 2020-09-05 16:00:32]邮件发送成功
[INFO 2020-09-05 16:00:45]初始化配置文件, path=C:\python38\GYS_API_TEST\Conf\config.ini
[INFO 2020-09-05 16:00:46]解析yaml, Path:C:\python38\GYS_API_TEST/Params/Param/admin.yaml
[INFO 2020-09-05 16:00:58]邮件发送成功
[INFO 2020-09-05 16:35:05]解析yaml, Path:C:\python38\GYS_API_TEST/Params/Param/admin.yaml
[INFO 2020-09-05 16:35:05]解析yaml, Path:C:\python38\GYS_API_TEST/Params/Param/shop.yaml
[INFO 2020-09-05 16:35:31]解析yaml, Path:C:\python38\GYS_API_TEST/Params/Param/admin.yaml
[INFO 2020-09-05 16:35:31]解析yaml, Path:C:\python38\GYS_API_TEST/Params/Param/shop.yaml
[INFO 2020-09-05 16:36:48]解析yaml, Path:C:\python38\GYS_API_TEST/Params/Param/admin.yaml
[INFO 2020-09-05 16:36:48]解析yaml, Path:C:\python38\GYS_API_TEST/Params/Param/shop.yaml
[INFO 2020-09-05 16:42:56]解析yaml, Path:C:\python38\GYS_API_TEST/Params/Param/admin.yaml
[INFO 2020-09-05 16:42:56]解析yaml, Path:C:\python38\GYS_API_TEST/Params/Param/shop.yaml
[INFO 2020-09-05 16:44:15]解析yaml, Path:C:\python38\GYS_API_TEST/Params/Param/admin.yaml
[INFO 2020-09-05 16:44:15]解析yaml, Path:C:\python38\GYS_API_TEST/Params/Param/shop.yaml
[INFO 2020-09-05 16:46:04]解析yaml, Path:C:\python38\GYS_API_TEST/Params/Param/admin.yaml
[INFO 2020-09-05 16:46:04]解析yaml, Path:C:\python38\GYS_API_TEST/Params/Param/shop.yaml
[INFO 2020-09-05 16:46:44]解析yaml, Path:C:\python38\GYS_API_TEST/Params/Param/admin.yaml
[INFO 2020-09-05 16:46:44]解析yaml, Path:C:\python38\GYS_API_TEST/Params/Param/shop.yaml
[INFO 2020-09-05 16:47:15]解析yaml, Path:C:\python38\GYS_API_TEST/Params/Param/admin.yaml
[INFO 2020-09-05 16:47:15]解析yaml, Path:C:\python38\GYS_API_TEST/Params/Param/shop.yaml
[INFO 2020-09-05 16:47:15]解析yaml, Path:C:\python38\GYS_API_TEST/Params/Param/admin.yaml
[INFO 2020-09-05 16:47:15]解析yaml, Path:C:\python38\GYS_API_TEST/Params/Param/shop.yaml
[INFO 2020-09-05 16:48:41]解析yaml, Path:C:\python38\GYS_API_TEST/Params/Param/admin.yaml
[INFO 2020-09-05 16:48:41]解析yaml, Path:C:\python38\GYS_API_TEST/Params/Param/shop.yaml
[INFO 2020-09-05 16:48:41]解析yaml, Path:C:\python38\GYS_API_TEST/Params/Param/admin.yaml
[INFO 2020-09-05 16:48:41]解析yaml, Path:C:\python38\GYS_API_TEST/Params/Param/shop.yaml
[INFO 2020-09-05 16:48:46]解析yaml, Path:C:\python38\GYS_API_TEST/Params/Param/admin.yaml
[INFO 2020-09-05 16:48:46]解析yaml, Path:C:\python38\GYS_API_TEST/Params/Param/shop.yaml
[INFO 2020-09-05 16:50:21]解析yaml, Path:C:\python38\GYS_API_TEST/Params/Param/admin.yaml
[INFO 2020-09-05 16:50:21]解析yaml, Path:C:\python38\GYS_API_TEST/Params/Param/shop.yaml
[INFO 2020-09-05 16:50:21]解析yaml, Path:C:\python38\GYS_API_TEST/Params/Param/admin.yaml
[INFO 2020-09-05 16:50:21]解析yaml, Path:C:\python38\GYS_API_TEST/Params/Param/shop.yaml
[INFO 2020-09-05 16:52:07]解析yaml, Path:C:\python38\GYS_API_TEST/Params/Param/admin.yaml
[INFO 2020-09-05 16:52:07]解析yaml, Path:C:\python38\GYS_API_TEST/Params/Param/shop.yaml
[INFO 2020-09-05 16:52:28]初始化配置文件, path=C:\python38\GYS_API_TEST\Conf\config.ini
[INFO 2020-09-05 16:52:28]解析yaml, Path:C:\python38\GYS_API_TEST/Params/Param/admin.yaml
[INFO 2020-09-05 16:52:28]解析yaml, Path:C:\python38\GYS_API_TEST/Params/Param/shop.yaml
[INFO 2020-09-05 16:52:29]解析yaml, Path:C:\python38\GYS_API_TEST/Params/Param/admin.yaml
[INFO 2020-09-05 16:52:29]解析yaml, Path:C:\python38\GYS_API_TEST/Params/Param/shop.yaml
[INFO 2020-09-05 16:52:29]解析yaml, Path:C:\python38\GYS_API_TEST/Params/Param/admin.yaml
[INFO 2020-09-05 16:52:29]解析yaml, Path:C:\python38\GYS_API_TEST/Params/Param/shop.yaml
[INFO 2020-09-05 16:52:29]邮件发送成功
[INFO 2020-09-05 16:53:38]解析yaml, Path:C:\python38\GYS_API_TEST/Params/Param/admin.yaml
[INFO 2020-09-05 16:53:52]解析yaml, Path:C:\python38\GYS_API_TEST/Params/Param/admin.yaml
[INFO 2020-09-05 16:57:29]解析yaml, Path:C:\python38\GYS_API_TEST/Params/Param/shop.yaml
[INFO 2020-09-05 17:00:48]解析yaml, Path:C:\python38\GYS_API_TEST/Params/Param/admin.yaml
[INFO 2020-09-05 17:01:15]解析yaml, Path:C:\python38\GYS_API_TEST/Params/Param/admin.yaml
[INFO 2020-09-05 17:01:15]解析yaml, Path:C:\python38\GYS_API_TEST/Params/Param/shop.yaml
[INFO 2020-09-05 17:01:15]解析yaml, Path:C:\python38\GYS_API_TEST/Params/Param/admin.yaml
[INFO 2020-09-05 17:01:15]解析yaml, Path:C:\python38\GYS_API_TEST/Params/Param/shop.yaml
[INFO 2020-09-05 17:02:30]解析yaml, Path:C:\python38\GYS_API_TEST/Params/Param/admin.yaml
[INFO 2020-09-05 17:02:30]解析yaml, Path:C:\python38\GYS_API_TEST/Params/Param/shop.yaml
[INFO 2020-09-05 17:06:26]解析yaml, Path:C:\python38\GYS_API_TEST/Params/Param/admin.yaml
[INFO 2020-09-05 17:06:56]解析yaml, Path:C:\python38\GYS_API_TEST/Params/Param/admin.yaml
[INFO 2020-09-05 17:07:46]解析yaml, Path:C:\python38\GYS_API_TEST/Params/Param/admin.yaml
[INFO 2020-09-05 17:07:46]解析yaml, Path:C:\python38\GYS_API_TEST/Params/Param/shop.yaml
[INFO 2020-09-05 17:10:14]解析yaml, Path:C:\python38\GYS_API_TEST/Params/Param/admin.yaml
[INFO 2020-09-05 17:10:14]解析yaml, Path:C:\python38\GYS_API_TEST/Params/Param/shop.yaml
[INFO 2020-09-05 17:10:27]解析yaml, Path:C:\python38\GYS_API_TEST/Params/Param/admin.yaml
[INFO 2020-09-05 17:10:27]解析yaml, Path:C:\python38\GYS_API_TEST/Params/Param/shop.yaml
[ERROR 2020-09-05 17:10:27]get cookies error, please checkout!!!
[INFO 2020-09-05 17:11:35]解析yaml, Path:C:\python38\GYS_API_TEST/Params/Param/admin.yaml
[INFO 2020-09-05 17:11:35]解析yaml, Path:C:\python38\GYS_API_TEST/Params/Param/shop.yaml
[ERROR 2020-09-05 17:11:35]get cookies error, please checkout!!!
[ERROR 2020-09-05 17:11:36]statusCode error, expected_code is 200, statusCode is 400 
[INFO 2020-09-05 17:13:47]解析yaml, Path:C:\python38\GYS_API_TEST/Params/Param/admin.yaml
[INFO 2020-09-05 17:13:47]解析yaml, Path:C:\python38\GYS_API_TEST/Params/Param/shop.yaml
[ERROR 2020-09-05 17:13:48]get cookies error, please checkout!!!
[ERROR 2020-09-05 17:13:48]statusCode error, expected_code is 200, statusCode is 404 
[INFO 2020-09-05 17:14:45]解析yaml, Path:C:\python38\GYS_API_TEST/Params/Param/admin.yaml
[INFO 2020-09-05 17:14:45]解析yaml, Path:C:\python38\GYS_API_TEST/Params/Param/shop.yaml
[ERROR 2020-09-05 17:14:46]get cookies error, please checkout!!!
[ERROR 2020-09-05 17:14:46]statusCode error, expected_code is 200, statusCode is 404 
[INFO 2020-09-05 17:14:56]解析yaml, Path:C:\python38\GYS_API_TEST/Params/Param/admin.yaml
[INFO 2020-09-05 17:14:56]解析yaml, Path:C:\python38\GYS_API_TEST/Params/Param/shop.yaml
[ERROR 2020-09-05 17:14:57]statusCode error, expected_code is 200, statusCode is 404 
[INFO 2020-09-05 17:15:36]解析yaml, Path:C:\python38\GYS_API_TEST/Params/Param/admin.yaml
[INFO 2020-09-05 17:15:36]解析yaml, Path:C:\python38\GYS_API_TEST/Params/Param/shop.yaml
[ERROR 2020-09-05 17:15:38]statusCode error, expected_code is 200, statusCode is 404 
[INFO 2020-09-05 17:22:01]解析yaml, Path:C:\python38\GYS_API_TEST/Params/Param/admin.yaml
[INFO 2020-09-05 17:22:01]解析yaml, Path:C:\python38\GYS_API_TEST/Params/Param/shop.yaml
[ERROR 2020-09-05 17:22:03]statusCode error, expected_code is 200, statusCode is 404 
[INFO 2020-09-05 17:23:48]解析yaml, Path:C:\python38\GYS_API_TEST/Params/Param/admin.yaml
[INFO 2020-09-05 17:23:48]解析yaml, Path:C:\python38\GYS_API_TEST/Params/Param/shop.yaml
[ERROR 2020-09-05 17:23:49]statusCode error, expected_code is 200, statusCode is 400 
[INFO 2020-09-05 17:24:04]解析yaml, Path:C:\python38\GYS_API_TEST/Params/Param/admin.yaml
[INFO 2020-09-05 17:24:04]解析yaml, Path:C:\python38\GYS_API_TEST/Params/Param/shop.yaml
[ERROR 2020-09-05 17:24:05]statusCode error, expected_code is 200, statusCode is 400 
[INFO 2020-09-05 17:26:08]解析yaml, Path:C:\python38\GYS_API_TEST/Params/Param/admin.yaml
[INFO 2020-09-05 17:26:08]解析yaml, Path:C:\python38\GYS_API_TEST/Params/Param/shop.yaml
[INFO 2020-09-05 17:26:39]解析yaml, Path:C:\python38\GYS_API_TEST/Params/Param/admin.yaml
[INFO 2020-09-05 17:26:39]解析yaml, Path:C:\python38\GYS_API_TEST/Params/Param/shop.yaml
[ERROR 2020-09-05 17:26:40]Response body msg != expected_msg, expected_msg is 成功, body_msg is msg
[INFO 2020-09-05 17:31:41]解析yaml, Path:C:\python38\GYS_API_TEST/Params/Param/admin.yaml
[INFO 2020-09-05 17:31:41]解析yaml, Path:C:\python38\GYS_API_TEST/Params/Param/shop.yaml
[ERROR 2020-09-05 17:31:42]Response body msg != expected_msg, expected_msg is 成功, body_msg is msg
[INFO 2020-09-05 17:32:26]解析yaml, Path:C:\python38\GYS_API_TEST/Params/Param/admin.yaml
[INFO 2020-09-05 17:32:26]解析yaml, Path:C:\python38\GYS_API_TEST/Params/Param/shop.yaml
[ERROR 2020-09-05 17:32:28]Response body msg != expected_msg, expected_msg is 成功, body_msg is msg
[INFO 2020-09-05 18:16:41]解析yaml, Path:C:\python38\GYS_API_TEST/Params/Param/admin.yaml
[INFO 2020-09-05 18:16:41]解析yaml, Path:C:\python38\GYS_API_TEST/Params/Param/shop.yaml
[INFO 2020-09-05 18:18:05]解析yaml, Path:C:\python38\GYS_API_TEST/Params/Param/admin.yaml
[INFO 2020-09-05 18:18:05]解析yaml, Path:C:\python38\GYS_API_TEST/Params/Param/shop.yaml
[INFO 2020-09-05 18:20:57]解析yaml, Path:C:\python38\GYS_API_TEST/Params/Param/admin.yaml
[INFO 2020-09-05 18:20:57]解析yaml, Path:C:\python38\GYS_API_TEST/Params/Param/shop.yaml
[INFO 2020-09-05 18:22:07]解析yaml, Path:C:\python38\GYS_API_TEST/Params/Param/admin.yaml
[INFO 2020-09-05 18:22:07]解析yaml, Path:C:\python38\GYS_API_TEST/Params/Param/shop.yaml
[ERROR 2020-09-05 18:22:08]Response body msg != expected_msg, expected_msg is 发送验证码成功, body_msg is msg
[INFO 2020-09-05 18:23:10]解析yaml, Path:C:\python38\GYS_API_TEST/Params/Param/admin.yaml
[INFO 2020-09-05 18:23:10]解析yaml, Path:C:\python38\GYS_API_TEST/Params/Param/shop.yaml
[ERROR 2020-09-05 18:23:11]Response body msg != expected_msg, expected_msg is 发送验证码成功, body_msg is msg
[INFO 2020-09-05 18:24:08]解析yaml, Path:C:\python38\GYS_API_TEST/Params/Param/admin.yaml
[INFO 2020-09-05 18:24:08]解析yaml, Path:C:\python38\GYS_API_TEST/Params/Param/shop.yaml
[ERROR 2020-09-05 18:24:09]Response body msg != expected_msg, expected_msg is 发送验证码成功, body_msg is msg
[INFO 2020-09-05 18:26:06]解析yaml, Path:C:\python38\GYS_API_TEST/Params/Param/admin.yaml
[INFO 2020-09-05 18:26:06]解析yaml, Path:C:\python38\GYS_API_TEST/Params/Param/shop.yaml
[INFO 2020-09-05 18:27:37]解析yaml, Path:C:\python38\GYS_API_TEST/Params/Param/admin.yaml
[INFO 2020-09-05 18:27:37]解析yaml, Path:C:\python38\GYS_API_TEST/Params/Param/shop.yaml
[INFO 2020-09-05 18:31:13]解析yaml, Path:C:\python38\GYS_API_TEST/Params/Param/admin.yaml
[INFO 2020-09-05 18:31:13]解析yaml, Path:C:\python38\GYS_API_TEST/Params/Param/shop.yaml
[ERROR 2020-09-05 18:31:15]Response body msg != expected_msg, expected_msg is 发送验证码成功, body_msg is msg
[INFO 2020-09-05 18:31:47]解析yaml, Path:C:\python38\GYS_API_TEST/Params/Param/admin.yaml
[INFO 2020-09-05 18:31:47]解析yaml, Path:C:\python38\GYS_API_TEST/Params/Param/shop.yaml
[INFO 2020-09-05 18:32:42]解析yaml, Path:C:\python38\GYS_API_TEST/Params/Param/admin.yaml
[INFO 2020-09-05 18:32:42]解析yaml, Path:C:\python38\GYS_API_TEST/Params/Param/shop.yaml
[INFO 2020-09-05 18:34:00]解析yaml, Path:C:\python38\GYS_API_TEST/Params/Param/admin.yaml
[INFO 2020-09-05 18:34:00]解析yaml, Path:C:\python38\GYS_API_TEST/Params/Param/shop.yaml
[ERROR 2020-09-05 18:34:02]Response body msg != expected_msg, expected_msg is 校验成功, body_msg is msg
[INFO 2020-09-05 18:34:51]解析yaml, Path:C:\python38\GYS_API_TEST/Params/Param/admin.yaml
[INFO 2020-09-05 18:34:51]解析yaml, Path:C:\python38\GYS_API_TEST/Params/Param/shop.yaml
[ERROR 2020-09-05 18:34:53]Response body msg != expected_msg, expected_msg is 提交成功, body_msg is msg
[INFO 2020-09-05 18:35:08]解析yaml, Path:C:\python38\GYS_API_TEST/Params/Param/admin.yaml
[INFO 2020-09-05 18:35:08]解析yaml, Path:C:\python38\GYS_API_TEST/Params/Param/shop.yaml
[ERROR 2020-09-05 18:35:10]Response body msg != expected_msg, expected_msg is 提交成功, body_msg is msg
[INFO 2020-09-05 18:40:01]解析yaml, Path:C:\python38\GYS_API_TEST/Params/Param/admin.yaml
[INFO 2020-09-05 18:41:40]解析yaml, Path:C:\python38\GYS_API_TEST/Params/Param/admin.yaml
[INFO 2020-09-05 18:41:52]解析yaml, Path:C:\python38\GYS_API_TEST/Params/Param/admin.yaml
[INFO 2020-09-05 18:42:14]解析yaml, Path:C:\python38\GYS_API_TEST/Params/Param/admin.yaml
[INFO 2020-09-05 18:42:14]解析yaml, Path:C:\python38\GYS_API_TEST/Params/Param/shop.yaml
[ERROR 2020-09-05 18:42:16]Response body msg != expected_msg, expected_msg is 提交成功, body_msg is msg
[INFO 2020-09-05 18:42:36]解析yaml, Path:C:\python38\GYS_API_TEST/Params/Param/admin.yaml
[INFO 2020-09-05 18:42:36]解析yaml, Path:C:\python38\GYS_API_TEST/Params/Param/shop.yaml
[ERROR 2020-09-05 18:42:38]statusCode error, expected_code is 200, statusCode is 400 
[INFO 2020-09-05 18:42:51]解析yaml, Path:C:\python38\GYS_API_TEST/Params/Param/admin.yaml
[INFO 2020-09-05 18:42:51]解析yaml, Path:C:\python38\GYS_API_TEST/Params/Param/shop.yaml
[ERROR 2020-09-05 18:42:53]statusCode error, expected_code is 200, statusCode is 400 
[INFO 2020-09-05 18:43:18]解析yaml, Path:C:\python38\GYS_API_TEST/Params/Param/admin.yaml
[INFO 2020-09-05 18:43:18]解析yaml, Path:C:\python38\GYS_API_TEST/Params/Param/shop.yaml
[INFO 2020-09-05 18:44:17]解析yaml, Path:C:\python38\GYS_API_TEST/Params/Param/admin.yaml
[INFO 2020-09-05 18:44:17]解析yaml, Path:C:\python38\GYS_API_TEST/Params/Param/shop.yaml
[INFO 2020-09-05 18:45:19]解析yaml, Path:C:\python38\GYS_API_TEST/Params/Param/admin.yaml
[INFO 2020-09-05 18:45:19]解析yaml, Path:C:\python38\GYS_API_TEST/Params/Param/shop.yaml
[INFO 2020-09-05 18:45:34]解析yaml, Path:C:\python38\GYS_API_TEST/Params/Param/admin.yaml
[INFO 2020-09-05 18:45:34]解析yaml, Path:C:\python38\GYS_API_TEST/Params/Param/shop.yaml
[INFO 2020-09-07 09:35:50]解析yaml, Path:C:\python38\GYS_API_TEST/Params/Param/admin.yaml
[INFO 2020-09-07 09:35:50]解析yaml, Path:C:\python38\GYS_API_TEST/Params/Param/shop.yaml
[INFO 2020-09-07 09:39:53]解析yaml, Path:C:\python38\GYS_API_TEST/Params/Param/admin.yaml
[INFO 2020-09-07 09:40:49]解析yaml, Path:C:\python38\GYS_API_TEST/Params/Param/admin.yaml
[INFO 2020-09-07 09:41:16]解析yaml, Path:C:\python38\GYS_API_TEST/Params/Param/admin.yaml
[INFO 2020-09-07 09:41:16]解析yaml, Path:C:\python38\GYS_API_TEST/Params/Param/shop.yaml
[INFO 2020-09-07 09:50:35]解析yaml, Path:C:\python38\GYS_API_TEST/Params/Param/admin.yaml
[INFO 2020-09-07 09:50:35]解析yaml, Path:C:\python38\GYS_API_TEST/Params/Param/shop.yaml
[INFO 2020-09-07 09:50:54]解析yaml, Path:C:\python38\GYS_API_TEST/Params/Param/admin.yaml
[INFO 2020-09-07 09:50:54]解析yaml, Path:C:\python38\GYS_API_TEST/Params/Param/shop.yaml
[INFO 2020-09-07 09:51:04]解析yaml, Path:C:\python38\GYS_API_TEST/Params/Param/admin.yaml
[INFO 2020-09-07 09:51:04]解析yaml, Path:C:\python38\GYS_API_TEST/Params/Param/shop.yaml
[INFO 2020-09-07 09:53:33]解析yaml, Path:C:\python38\GYS_API_TEST/Params/Param/admin.yaml
[INFO 2020-09-07 09:53:33]解析yaml, Path:C:\python38\GYS_API_TEST/Params/Param/shop.yaml
[INFO 2020-09-07 09:54:02]解析yaml, Path:C:\python38\GYS_API_TEST/Params/Param/admin.yaml
[INFO 2020-09-07 09:54:02]解析yaml, Path:C:\python38\GYS_API_TEST/Params/Param/shop.yaml
[INFO 2020-09-07 11:11:53]解析yaml, Path:C:\python38\GYS_API_TEST/Params/Param/admin.yaml
[INFO 2020-09-07 11:11:53]解析yaml, Path:C:\python38\GYS_API_TEST/Params/Param/shop.yaml
[ERROR 2020-09-07 11:11:54]statusCode error, expected_code is 200, statusCode is 401 
[INFO 2020-09-07 11:12:08]解析yaml, Path:C:\python38\GYS_API_TEST/Params/Param/admin.yaml
[INFO 2020-09-07 11:12:08]解析yaml, Path:C:\python38\GYS_API_TEST/Params/Param/shop.yaml
[INFO 2020-09-07 11:14:48]解析yaml, Path:C:\python38\GYS_API_TEST/Params/Param/admin.yaml
[INFO 2020-09-07 11:14:48]解析yaml, Path:C:\python38\GYS_API_TEST/Params/Param/shop.yaml
[INFO 2020-09-07 11:15:11]解析yaml, Path:C:\python38\GYS_API_TEST/Params/Param/admin.yaml
[INFO 2020-09-07 11:15:11]解析yaml, Path:C:\python38\GYS_API_TEST/Params/Param/shop.yaml
[INFO 2020-09-07 11:15:30]解析yaml, Path:C:\python38\GYS_API_TEST/Params/Param/admin.yaml
[INFO 2020-09-07 11:15:30]解析yaml, Path:C:\python38\GYS_API_TEST/Params/Param/shop.yaml
[INFO 2020-09-07 11:15:55]解析yaml, Path:C:\python38\GYS_API_TEST/Params/Param/admin.yaml
[INFO 2020-09-07 11:15:55]解析yaml, Path:C:\python38\GYS_API_TEST/Params/Param/shop.yaml
[INFO 2020-09-07 11:16:14]解析yaml, Path:C:\python38\GYS_API_TEST/Params/Param/admin.yaml
[INFO 2020-09-07 11:16:14]解析yaml, Path:C:\python38\GYS_API_TEST/Params/Param/shop.yaml
[INFO 2020-09-07 11:16:34]解析yaml, Path:C:\python38\GYS_API_TEST/Params/Param/admin.yaml
[INFO 2020-09-07 11:16:34]解析yaml, Path:C:\python38\GYS_API_TEST/Params/Param/shop.yaml
[INFO 2020-09-07 11:18:39]解析yaml, Path:C:\python38\GYS_API_TEST/Params/Param/admin.yaml
[INFO 2020-09-07 11:18:39]解析yaml, Path:C:\python38\GYS_API_TEST/Params/Param/shop.yaml
[INFO 2020-09-07 11:20:42]解析yaml, Path:C:\python38\GYS_API_TEST/Params/Param/admin.yaml
[INFO 2020-09-07 11:20:42]解析yaml, Path:C:\python38\GYS_API_TEST/Params/Param/shop.yaml
[INFO 2020-09-07 11:22:46]解析yaml, Path:C:\python38\GYS_API_TEST/Params/Param/admin.yaml
[INFO 2020-09-07 11:22:46]解析yaml, Path:C:\python38\GYS_API_TEST/Params/Param/shop.yaml
[INFO 2020-09-07 11:24:08]解析yaml, Path:C:\python38\GYS_API_TEST/Params/Param/admin.yaml
[INFO 2020-09-07 11:24:08]解析yaml, Path:C:\python38\GYS_API_TEST/Params/Param/shop.yaml
[INFO 2020-09-07 11:29:09]解析yaml, Path:C:\python38\GYS_API_TEST/Params/Param/admin.yaml
[INFO 2020-09-07 11:29:09]解析yaml, Path:C:\python38\GYS_API_TEST/Params/Param/shop.yaml
[INFO 2020-09-07 11:32:21]解析yaml, Path:C:\python38\GYS_API_TEST/Params/Param/admin.yaml
[INFO 2020-09-07 11:32:21]解析yaml, Path:C:\python38\GYS_API_TEST/Params/Param/shop.yaml
[INFO 2020-09-07 11:33:07]解析yaml, Path:C:\python38\GYS_API_TEST/Params/Param/admin.yaml
[INFO 2020-09-07 11:33:07]解析yaml, Path:C:\python38\GYS_API_TEST/Params/Param/shop.yaml
[INFO 2020-09-07 11:33:18]解析yaml, Path:C:\python38\GYS_API_TEST/Params/Param/admin.yaml
[INFO 2020-09-07 11:33:18]解析yaml, Path:C:\python38\GYS_API_TEST/Params/Param/shop.yaml
[INFO 2020-09-07 11:33:45]解析yaml, Path:C:\python38\GYS_API_TEST/Params/Param/admin.yaml
[INFO 2020-09-07 11:33:45]解析yaml, Path:C:\python38\GYS_API_TEST/Params/Param/shop.yaml
[INFO 2020-09-07 11:34:17]解析yaml, Path:C:\python38\GYS_API_TEST/Params/Param/admin.yaml
[INFO 2020-09-07 11:34:17]解析yaml, Path:C:\python38\GYS_API_TEST/Params/Param/shop.yaml
[INFO 2020-09-07 11:40:47]解析yaml, Path:C:\python38\GYS_API_TEST/Params/Param/admin.yaml
[INFO 2020-09-07 11:40:47]解析yaml, Path:C:\python38\GYS_API_TEST/Params/Param/shop.yaml
[INFO 2020-09-07 11:42:04]解析yaml, Path:C:\python38\GYS_API_TEST/Params/Param/admin.yaml
[INFO 2020-09-07 11:42:04]解析yaml, Path:C:\python38\GYS_API_TEST/Params/Param/shop.yaml
[INFO 2020-09-07 11:48:37]解析yaml, Path:C:\python38\GYS_API_TEST/Params/Param/admin.yaml
[INFO 2020-09-07 11:48:37]解析yaml, Path:C:\python38\GYS_API_TEST/Params/Param/shop.yaml
[INFO 2020-09-07 11:53:23]解析yaml, Path:C:\python38\GYS_API_TEST/Params/Param/admin.yaml
[INFO 2020-09-07 11:53:23]解析yaml, Path:C:\python38\GYS_API_TEST/Params/Param/shop.yaml
[INFO 2020-09-07 11:54:29]解析yaml, Path:C:\python38\GYS_API_TEST/Params/Param/admin.yaml
[INFO 2020-09-07 11:54:29]解析yaml, Path:C:\python38\GYS_API_TEST/Params/Param/shop.yaml
[INFO 2020-09-07 13:47:03]解析yaml, Path:C:\python38\GYS_API_TEST/Params/Param/admin.yaml
[INFO 2020-09-07 13:47:03]解析yaml, Path:C:\python38\GYS_API_TEST/Params/Param/shop.yaml
[INFO 2020-09-07 13:47:10]解析yaml, Path:C:\python38\GYS_API_TEST/Params/Param/admin.yaml
[INFO 2020-09-07 13:47:10]解析yaml, Path:C:\python38\GYS_API_TEST/Params/Param/shop.yaml
[INFO 2020-09-07 13:47:42]解析yaml, Path:C:\python38\GYS_API_TEST/Params/Param/admin.yaml
[INFO 2020-09-07 13:47:42]解析yaml, Path:C:\python38\GYS_API_TEST/Params/Param/shop.yaml
[INFO 2020-09-07 13:51:29]解析yaml, Path:C:\python38\GYS_API_TEST/Params/Param/admin.yaml
[INFO 2020-09-07 13:51:29]解析yaml, Path:C:\python38\GYS_API_TEST/Params/Param/shop.yaml
[ERROR 2020-09-07 13:51:31]Response body msg != expected_msg, expected_msg is 成功, body_msg is msg
[INFO 2020-09-07 13:51:46]解析yaml, Path:C:\python38\GYS_API_TEST/Params/Param/admin.yaml
[INFO 2020-09-07 13:51:46]解析yaml, Path:C:\python38\GYS_API_TEST/Params/Param/shop.yaml
[INFO 2020-09-07 14:10:20]解析yaml, Path:C:\python38\GYS_API_TEST/Params/Param/admin.yaml
[INFO 2020-09-07 14:10:20]解析yaml, Path:C:\python38\GYS_API_TEST/Params/Param/shop.yaml
[INFO 2020-09-07 14:10:32]解析yaml, Path:C:\python38\GYS_API_TEST/Params/Param/admin.yaml
[INFO 2020-09-07 14:10:32]解析yaml, Path:C:\python38\GYS_API_TEST/Params/Param/shop.yaml
[ERROR 2020-09-07 14:10:33]statusCode error, expected_code is 200, statusCode is 400 
[INFO 2020-09-07 14:11:47]解析yaml, Path:C:\python38\GYS_API_TEST/Params/Param/admin.yaml
[INFO 2020-09-07 14:11:47]解析yaml, Path:C:\python38\GYS_API_TEST/Params/Param/shop.yaml
[INFO 2020-09-07 14:35:29]解析yaml, Path:C:\python38\GYS_API_TEST/Params/Param/admin.yaml
[INFO 2020-09-07 14:35:29]解析yaml, Path:C:\python38\GYS_API_TEST/Params/Param/shop.yaml
[INFO 2020-09-07 14:35:52]解析yaml, Path:C:\python38\GYS_API_TEST/Params/Param/admin.yaml
[INFO 2020-09-07 14:35:52]解析yaml, Path:C:\python38\GYS_API_TEST/Params/Param/shop.yaml
[INFO 2020-09-07 14:36:27]解析yaml, Path:C:\python38\GYS_API_TEST/Params/Param/admin.yaml
[INFO 2020-09-07 14:36:27]解析yaml, Path:C:\python38\GYS_API_TEST/Params/Param/shop.yaml
[INFO 2020-09-07 14:56:18]解析yaml, Path:C:\python38\GYS_API_TEST/Params/Param/admin.yaml
[INFO 2020-09-07 14:56:18]解析yaml, Path:C:\python38\GYS_API_TEST/Params/Param/shop.yaml
[INFO 2020-09-07 14:56:34]解析yaml, Path:C:\python38\GYS_API_TEST/Params/Param/admin.yaml
[INFO 2020-09-07 14:56:34]解析yaml, Path:C:\python38\GYS_API_TEST/Params/Param/shop.yaml
[INFO 2020-09-07 15:08:33]解析yaml, Path:C:\python38\GYS_API_TEST/Params/Param/admin.yaml
[INFO 2020-09-07 15:10:28]解析yaml, Path:C:\python38\GYS_API_TEST/Params/Param/admin.yaml
[INFO 2020-09-07 15:12:26]解析yaml, Path:C:\python38\GYS_API_TEST/Params/Param/admin.yaml
[INFO 2020-09-07 15:12:59]解析yaml, Path:C:\python38\GYS_API_TEST/Params/Param/admin.yaml
[INFO 2020-09-07 15:13:00]解析yaml, Path:C:\python38\GYS_API_TEST/Params/Param/shop.yaml
[INFO 2020-09-07 15:14:07]解析yaml, Path:C:\python38\GYS_API_TEST/Params/Param/admin.yaml
[INFO 2020-09-07 15:14:07]解析yaml, Path:C:\python38\GYS_API_TEST/Params/Param/shop.yaml
[INFO 2020-09-07 15:14:38]解析yaml, Path:C:\python38\GYS_API_TEST/Params/Param/admin.yaml
[INFO 2020-09-07 15:14:38]解析yaml, Path:C:\python38\GYS_API_TEST/Params/Param/shop.yaml
[INFO 2020-09-07 15:14:46]解析yaml, Path:C:\python38\GYS_API_TEST/Params/Param/admin.yaml
[INFO 2020-09-07 15:14:46]解析yaml, Path:C:\python38\GYS_API_TEST/Params/Param/shop.yaml
[INFO 2020-09-07 15:15:41]解析yaml, Path:C:\python38\GYS_API_TEST/Params/Param/admin.yaml
[INFO 2020-09-07 15:15:41]解析yaml, Path:C:\python38\GYS_API_TEST/Params/Param/shop.yaml
[INFO 2020-09-07 15:20:01]解析yaml, Path:C:\python38\GYS_API_TEST/Params/Param/admin.yaml
[INFO 2020-09-07 15:20:01]解析yaml, Path:C:\python38\GYS_API_TEST/Params/Param/shop.yaml
[INFO 2020-09-07 15:36:30]解析yaml, Path:C:\python38\GYS_API_TEST/Params/Param/admin.yaml
[INFO 2020-09-07 15:36:30]解析yaml, Path:C:\python38\GYS_API_TEST/Params/Param/shop.yaml
[ERROR 2020-09-07 15:36:31]statusCode error, expected_code is 200, statusCode is 400 
[INFO 2020-09-07 15:36:47]解析yaml, Path:C:\python38\GYS_API_TEST/Params/Param/admin.yaml
[INFO 2020-09-07 15:36:47]解析yaml, Path:C:\python38\GYS_API_TEST/Params/Param/shop.yaml
[INFO 2020-09-07 15:38:08]解析yaml, Path:C:\python38\GYS_API_TEST/Params/Param/admin.yaml
[INFO 2020-09-07 15:38:08]解析yaml, Path:C:\python38\GYS_API_TEST/Params/Param/shop.yaml
[INFO 2020-09-07 16:10:53]解析yaml, Path:C:\python38\GYS_API_TEST/Params/Param/admin.yaml
[INFO 2020-09-07 16:10:54]解析yaml, Path:C:\python38\GYS_API_TEST/Params/Param/shop.yaml
[INFO 2020-09-07 16:11:04]解析yaml, Path:C:\python38\GYS_API_TEST/Params/Param/admin.yaml
[INFO 2020-09-07 16:11:04]解析yaml, Path:C:\python38\GYS_API_TEST/Params/Param/shop.yaml
[INFO 2020-09-07 16:14:42]解析yaml, Path:C:\python38\GYS_API_TEST/Params/Param/admin.yaml
[INFO 2020-09-07 16:14:42]解析yaml, Path:C:\python38\GYS_API_TEST/Params/Param/shop.yaml
[ERROR 2020-09-07 16:14:43]statusCode error, expected_code is 200, statusCode is 404 
[INFO 2020-09-07 16:16:00]解析yaml, Path:C:\python38\GYS_API_TEST/Params/Param/admin.yaml
[INFO 2020-09-07 16:16:00]解析yaml, Path:C:\python38\GYS_API_TEST/Params/Param/shop.yaml
[INFO 2020-09-07 16:17:11]解析yaml, Path:C:\python38\GYS_API_TEST/Params/Param/admin.yaml
[INFO 2020-09-07 16:17:11]解析yaml, Path:C:\python38\GYS_API_TEST/Params/Param/shop.yaml
[INFO 2020-09-07 16:17:53]解析yaml, Path:C:\python38\GYS_API_TEST/Params/Param/admin.yaml
[INFO 2020-09-07 16:17:53]解析yaml, Path:C:\python38\GYS_API_TEST/Params/Param/shop.yaml
[INFO 2020-09-07 16:18:43]解析yaml, Path:C:\python38\GYS_API_TEST/Params/Param/admin.yaml
[INFO 2020-09-07 16:18:43]解析yaml, Path:C:\python38\GYS_API_TEST/Params/Param/shop.yaml
[INFO 2020-09-07 16:19:27]解析yaml, Path:C:\python38\GYS_API_TEST/Params/Param/admin.yaml
[INFO 2020-09-07 16:19:27]解析yaml, Path:C:\python38\GYS_API_TEST/Params/Param/shop.yaml
[INFO 2020-09-07 16:19:39]解析yaml, Path:C:\python38\GYS_API_TEST/Params/Param/admin.yaml
[INFO 2020-09-07 16:19:39]解析yaml, Path:C:\python38\GYS_API_TEST/Params/Param/shop.yaml
[INFO 2020-09-07 16:28:13]解析yaml, Path:C:\python38\GYS_API_TEST/Params/Param/admin.yaml
[INFO 2020-09-07 16:28:13]解析yaml, Path:C:\python38\GYS_API_TEST/Params/Param/shop.yaml
[INFO 2020-09-07 16:56:23]解析yaml, Path:C:\python38\GYS_API_TEST/Params/Param/admin.yaml
[INFO 2020-09-07 16:56:23]解析yaml, Path:C:\python38\GYS_API_TEST/Params/Param/shop.yaml
[INFO 2020-09-07 16:56:49]解析yaml, Path:C:\python38\GYS_API_TEST/Params/Param/admin.yaml
[INFO 2020-09-07 16:56:49]解析yaml, Path:C:\python38\GYS_API_TEST/Params/Param/shop.yaml
[INFO 2020-09-07 16:58:28]解析yaml, Path:C:\python38\GYS_API_TEST/Params/Param/admin.yaml
[INFO 2020-09-07 16:58:28]解析yaml, Path:C:\python38\GYS_API_TEST/Params/Param/shop.yaml
[INFO 2020-09-07 17:01:02]解析yaml, Path:C:\python38\GYS_API_TEST/Params/Param/admin.yaml
[INFO 2020-09-07 17:01:02]解析yaml, Path:C:\python38\GYS_API_TEST/Params/Param/shop.yaml
[INFO 2020-09-07 17:03:26]解析yaml, Path:C:\python38\GYS_API_TEST/Params/Param/admin.yaml
[INFO 2020-09-07 17:03:26]解析yaml, Path:C:\python38\GYS_API_TEST/Params/Param/shop.yaml
[INFO 2020-09-07 17:03:35]解析yaml, Path:C:\python38\GYS_API_TEST/Params/Param/admin.yaml
[INFO 2020-09-07 17:03:35]解析yaml, Path:C:\python38\GYS_API_TEST/Params/Param/shop.yaml
[INFO 2020-09-07 17:03:59]初始化配置文件, path=C:\python38\GYS_API_TEST\Conf\config.ini
[INFO 2020-09-07 17:03:59]解析yaml, Path:C:\python38\GYS_API_TEST/Params/Param/admin.yaml
[INFO 2020-09-07 17:04:00]解析yaml, Path:C:\python38\GYS_API_TEST/Params/Param/shop.yaml
[INFO 2020-09-07 17:04:20]邮件发送成功
[INFO 2020-09-07 17:33:22]解析yaml, Path:C:\python38\GYS_API_TEST/Params/Param/admin.yaml
[INFO 2020-09-07 17:33:22]解析yaml, Path:C:\python38\GYS_API_TEST/Params/Param/shop.yaml
[INFO 2020-09-08 19:37:46]初始化配置文件, path=C:\python38\GYS_API_TEST\Conf\config.ini
[INFO 2020-09-08 19:37:47]解析yaml, Path:C:\python38\GYS_API_TEST/Params/Param/admin.yaml
[INFO 2020-09-08 19:37:47]解析yaml, Path:C:\python38\GYS_API_TEST/Params/Param/shop.yaml
[ERROR 2020-09-08 19:38:02]Response body msg != expected_msg, expected_msg is 成功, body_msg is msg
[INFO 2020-09-08 19:38:19]邮件发送成功
[INFO 2020-09-08 19:49:55]解析yaml, Path:C:\python38\GYS_API_TEST/Params/Param/admin.yaml
[INFO 2020-09-08 19:49:55]解析yaml, Path:C:\python38\GYS_API_TEST/Params/Param/shop.yaml
[INFO 2020-09-08 19:50:09]解析yaml, Path:C:\python38\GYS_API_TEST/Params/Param/admin.yaml
[INFO 2020-09-08 19:50:09]解析yaml, Path:C:\python38\GYS_API_TEST/Params/Param/shop.yaml
[INFO 2020-09-08 19:52:19]解析yaml, Path:C:\python38\GYS_API_TEST/Params/Param/admin.yaml
[INFO 2020-09-08 19:52:19]解析yaml, Path:C:\python38\GYS_API_TEST/Params/Param/shop.yaml
[ERROR 2020-09-08 19:52:21]statusCode error, expected_code is 200, statusCode is 400 
[INFO 2020-09-08 19:52:39]解析yaml, Path:C:\python38\GYS_API_TEST/Params/Param/admin.yaml
[INFO 2020-09-08 19:52:39]解析yaml, Path:C:\python38\GYS_API_TEST/Params/Param/shop.yaml
[INFO 2020-09-08 20:06:06]解析yaml, Path:C:\python38\GYS_API_TEST/Params/Param/admin.yaml
[INFO 2020-09-08 20:06:06]解析yaml, Path:C:\python38\GYS_API_TEST/Params/Param/shop.yaml
[ERROR 2020-09-08 20:06:07]statusCode error, expected_code is 200, statusCode is 400 
[INFO 2020-09-08 20:07:49]解析yaml, Path:C:\python38\GYS_API_TEST/Params/Param/admin.yaml
[INFO 2020-09-08 20:07:49]解析yaml, Path:C:\python38\GYS_API_TEST/Params/Param/shop.yaml
[INFO 2020-09-08 20:10:00]解析yaml, Path:C:\python38\GYS_API_TEST/Params/Param/admin.yaml
[INFO 2020-09-08 20:10:00]解析yaml, Path:C:\python38\GYS_API_TEST/Params/Param/shop.yaml
[INFO 2020-09-08 20:10:15]解析yaml, Path:C:\python38\GYS_API_TEST/Params/Param/admin.yaml
[INFO 2020-09-08 20:10:15]解析yaml, Path:C:\python38\GYS_API_TEST/Params/Param/shop.yaml
[INFO 2020-09-08 20:13:49]解析yaml, Path:C:\python38\GYS_API_TEST/Params/Param/admin.yaml
[INFO 2020-09-08 20:13:49]解析yaml, Path:C:\python38\GYS_API_TEST/Params/Param/shop.yaml
[ERROR 2020-09-08 20:13:56]statusCode error, expected_code is 200, statusCode is 400 
[INFO 2020-09-08 20:14:57]解析yaml, Path:C:\python38\GYS_API_TEST/Params/Param/admin.yaml
[INFO 2020-09-08 20:14:57]解析yaml, Path:C:\python38\GYS_API_TEST/Params/Param/shop.yaml
[ERROR 2020-09-08 20:15:03]statusCode error, expected_code is 200, statusCode is 400 
[INFO 2020-09-08 20:15:25]解析yaml, Path:C:\python38\GYS_API_TEST/Params/Param/admin.yaml
[INFO 2020-09-08 20:15:25]解析yaml, Path:C:\python38\GYS_API_TEST/Params/Param/shop.yaml
[INFO 2020-09-08 20:23:31]解析yaml, Path:C:\python38\GYS_API_TEST/Params/Param/admin.yaml
[INFO 2020-09-08 20:23:31]解析yaml, Path:C:\python38\GYS_API_TEST/Params/Param/shop.yaml
[INFO 2020-09-08 20:25:28]解析yaml, Path:C:\python38\GYS_API_TEST/Params/Param/admin.yaml
[INFO 2020-09-08 20:25:28]解析yaml, Path:C:\python38\GYS_API_TEST/Params/Param/shop.yaml
[INFO 2020-09-08 20:27:14]初始化配置文件, path=C:\python38\GYS_API_TEST\Conf\config.ini
[INFO 2020-09-08 20:27:14]解析yaml, Path:C:\python38\GYS_API_TEST/Params/Param/admin.yaml
[INFO 2020-09-08 20:27:14]解析yaml, Path:C:\python38\GYS_API_TEST/Params/Param/shop.yaml
[INFO 2020-09-08 20:27:18]初始化配置文件, path=C:\python38\GYS_API_TEST\Conf\config.ini
[INFO 2020-09-08 20:27:18]解析yaml, Path:C:\python38\GYS_API_TEST/Params/Param/admin.yaml
[INFO 2020-09-08 20:27:18]解析yaml, Path:C:\python38\GYS_API_TEST/Params/Param/shop.yaml
[INFO 2020-09-08 20:28:09]邮件发送成功
[INFO 2020-09-15 20:22:51]解析yaml, Path:C:\python38\GYS_API_TEST/Params/Param/admin.yaml
[INFO 2020-09-15 20:22:51]解析yaml, Path:C:\python38\GYS_API_TEST/Params/Param/shop.yaml
[ERROR 2020-09-15 20:22:52]get cookies error, please checkout!!!
[ERROR 2020-09-15 20:22:53]get cookies error, please checkout!!!
[ERROR 2020-09-15 20:22:54]get cookies error, please checkout!!!
[ERROR 2020-09-15 20:22:54]get cookies error, please checkout!!!
[ERROR 2020-09-15 20:22:55]get cookies error, please checkout!!!
[ERROR 2020-09-15 20:22:56]get cookies error, please checkout!!!
[ERROR 2020-09-15 20:22:56]get cookies error, please checkout!!!
[ERROR 2020-09-15 20:22:57]get cookies error, please checkout!!!
[ERROR 2020-09-15 20:22:57]get cookies error, please checkout!!!
[ERROR 2020-09-15 20:22:58]get cookies error, please checkout!!!
[ERROR 2020-09-15 20:22:59]get cookies error, please checkout!!!
[ERROR 2020-09-15 20:22:59]get cookies error, please checkout!!!
[ERROR 2020-09-15 20:23:00]get cookies error, please checkout!!!
[INFO 2020-10-23 10:26:59]初始化配置文件, path=C:\python38\GYS_API_TEST\Conf\config.ini
[INFO 2020-10-23 10:27:00]解析yaml, Path:C:\python38\GYS_API_TEST/Params/Param/admin.yaml
[INFO 2020-10-23 10:27:00]解析yaml, Path:C:\python38\GYS_API_TEST/Params/Param/shop.yaml
[ERROR 2020-10-23 10:27:01]get cookies error, please checkout!!!
[ERROR 2020-10-23 10:27:02]get cookies error, please checkout!!!
[ERROR 2020-10-23 10:27:02]get cookies error, please checkout!!!
[ERROR 2020-10-23 10:27:03]get cookies error, please checkout!!!
[ERROR 2020-10-23 10:27:03]get cookies error, please checkout!!!
[ERROR 2020-10-23 10:27:04]get cookies error, please checkout!!!
[ERROR 2020-10-23 10:27:04]get cookies error, please checkout!!!
[ERROR 2020-10-23 10:27:05]get cookies error, please checkout!!!
[ERROR 2020-10-23 10:27:06]get cookies error, please checkout!!!
[INFO 2020-10-23 10:54:53]初始化配置文件, path=C:\python38\GYS_API_TEST\Conf\config.ini
[INFO 2020-10-23 10:54:53]解析yaml, Path:C:\python38\GYS_API_TEST/Params/Param/admin.yaml
[INFO 2020-10-23 10:54:53]解析yaml, Path:C:\python38\GYS_API_TEST/Params/Param/shop.yaml
[ERROR 2020-10-23 10:55:06]statusCode error, expected_code is 200, statusCode is 400 
[ERROR 2020-10-23 10:55:07]statusCode error, expected_code is 200, statusCode is 400 
[ERROR 2020-10-23 10:55:13]statusCode error, expected_code is 200, statusCode is 400 
[ERROR 2020-10-23 10:55:25]statusCode error, expected_code is 200, statusCode is 400 
[ERROR 2020-10-23 10:55:33]statusCode error, expected_code is 200, statusCode is 503 
[ERROR 2020-10-23 10:55:59]Response body msg != expected_msg, expected_msg is 校验成功, body_msg is msg
[INFO 2020-10-23 10:56:12]邮件发送成功
[INFO 2020-10-24 10:47:23]初始化配置文件, path=C:\python38\GYS_API_TEST\Conf\config.ini
[INFO 2020-10-24 10:47:23]解析yaml, Path:C:\python38\GYS_API_TEST/Params/Param/admin.yaml
[INFO 2020-10-24 10:47:23]解析yaml, Path:C:\python38\GYS_API_TEST/Params/Param/shop.yaml
[ERROR 2020-10-24 10:47:35]statusCode error, expected_code is 200, statusCode is 400 
[INFO 2020-10-24 10:47:55]初始化配置文件, path=C:\python38\GYS_API_TEST\Conf\config.ini
[INFO 2020-10-24 10:47:56]解析yaml, Path:C:\python38\GYS_API_TEST/Params/Param/admin.yaml
[INFO 2020-10-24 10:47:56]解析yaml, Path:C:\python38\GYS_API_TEST/Params/Param/shop.yaml
[ERROR 2020-10-24 10:48:07]statusCode error, expected_code is 200, statusCode is 400 
[ERROR 2020-10-24 10:48:08]statusCode error, expected_code is 200, statusCode is 400 
[ERROR 2020-10-24 10:48:14]statusCode error, expected_code is 200, statusCode is 400 
[ERROR 2020-10-24 10:48:23]statusCode error, expected_code is 200, statusCode is 400 
[ERROR 2020-10-24 10:48:26]statusCode error, expected_code is 200, statusCode is 503 
[ERROR 2020-10-24 10:48:36]Response body msg != expected_msg, expected_msg is 校验成功, body_msg is msg
[INFO 2020-10-24 10:48:49]邮件发送成功
[INFO 2020-10-24 12:15:14]初始化配置文件, path=C:\python38\GYS_API_TEST\Conf\config.ini
[INFO 2020-10-24 12:15:14]解析yaml, Path:C:\python38\GYS_API_TEST/Params/Param/admin.yaml
[INFO 2020-10-24 12:15:14]解析yaml, Path:C:\python38\GYS_API_TEST/Params/Param/shop.yaml
